ID zone shared memory: 4718608
Shared memory at: 0x7ff5e3707000
ID zone shared memory: 4718608
Shared memory at: 0x7ff5e3707000
ID zone shared memory: 4718608
Shared memory at: 0x7ff5e3707000
ID zone shared memory: 4718608
Shared memory at: 0x7ff5e3707000
ID zone shared memory: 4718608
Shared memory at: 0x7ff5e3707000
ID zone shared memory: 4718608
Shared memory at: 0x7ff5e3707000
ID zone shared memory: 4718608
Shared memory at: 0x7ff5e3707000
ID zone shared memory: 4718608
Shared memory at: 0x7ff5e3707000
ID zone shared memory: 4718608
Shared memory at: 0x7ff5e3707000
ID zone shared memory: 4718608
Shared memory at: 0x7ff5e3707000
ID zone shared memory: 4718608
Shared memory at: 0x7ff5e3707000
ID zone shared memory: 4718608
Shared memory at: 0x7ff5e3707000
ID zone shared memory: 4718608
Shared memory at: 0x7ff5e3707000
ID zone shared memory: 4718608
Shared memory at: 0x7ff5e3707000
ID zone shared memory: 4718608
Shared memory at: 0x7ff5e3707000
ID zone shared memory: 4718608
Shared memory at: 0x7ff5e3707000
ID zone shared memory: 4718608
Shared memory at: 0x7ff5e3707000
ID zone shared memory: 4718608
Shared memory at: 0x7ff5e3707000
ID zone shared memory: 4718608
Shared memory at: 0x7ff5e3707000
ID zone shared memory: 4718608
Shared memory at: 0x7ff5e3707000
ID zone shared memory: 4718608
Shared memory at: 0x7ff5e3707000
ID zone shared memory: 4718608
Shared memory at: 0x7ff5e3707000
ID zone shared memory: 4718608
Shared memory at: 0x7ff5e3707000
ID zone shared memory: 4718608
Shared memory at: 0x7ff5e3707000
ID zone shared memory: 4718608
Shared memory at: 0x7ff5e3707000
ID zone shared memory: 4718608
Shared memory at: 0x7ff5e3707000
ID zone shared memory: 4718608
Shared memory at: 0x7ff5e3707000
ID zone shared memory: 4718608
Shared memory at: 0x7ff5e3707000
ID zone shared memory: 4718608
Shared memory at: 0x7ff5e3707000
ID zone shared memory: 4718608
Shared memory at: 0x7ff5e3707000
ID zone shared memory: 4718608
Shared memory at: 0x7ff5e3707000
ID zone shared memory: 4718608
Shared memory at: 0x7ff5e3707000
ID zone shared memory: 4718608
Shared memory at: 0x7ff5e3707000
ID zone shared memory: 4718608
Shared memory at: 0x7ff5e3707000
ID zone shared memory: 4718608
Shared memory at: 0x7ff5e3707000
ID zone shared memory: 4718608
Shared memory at: 0x7ff5e3707000
ID zone shared memory: 4718608
Shared memory at: 0x7ff5e3707000
ID zone shared memory: 4718608
Shared memory at: 0x7ff5e3707000
ID zone shared memory: 4718608
Shared memory at: 0x7ff5e3707000
ID zone shared memory: 4718608
Shared memory at: 0x7ff5e3707000
ID zone shared memory: 4718608
Shared memory at: 0x7ff5e3707000
ID zone shared memory: 4718608
Shared memory at: 0x7ff5e3707000
ID zone shared memory: 4718608
Shared memory at: 0x7ff5e3707000
ID zone shared memory: 4718608
Shared memory at: 0x7ff5e3707000
ID zone shared memory: 4718608
Shared memory at: 0x7ff5e3707000
ID zone shared memory: 4718608
Shared memory at: 0x7ff5e3707000
ID zone shared memory: 4718608
Shared memory at: 0x7ff5e3707000
ID zone shared memory: 4718608
Shared memory at: 0x7ff5e3707000
ID zone shared memory: 4718608
Shared memory at: 0x7ff5e3707000
ID zone shared memory: 4718608
Shared memory at: 0x7ff5e3707000
ID zone shared memory: 4718608
Shared memory at: 0x7ff5e3707000
shared_info = {
    nombre: domo
    id: 1
}
shared_info = {
    nombre: domo
    id: 2
}
shared_info = {
    nombre: domo
    id: 3
}
shared_info = {
    nombre: domo
    id: 4
}
shared_info = {
    nombre: domo
    id: 5
}
shared_info = {
    nombre: domo
    id: 6
}
shared_info = {
    nombre: domo
    id: 8
}
shared_info = {
    nombre: domo
    id: 9
}
shared_info = {
    nombre: domo
    id: 10
}
shared_info = {
    nombre: domo
    id: 11
}
shared_info = {
    nombre: domo
    id: 12
}
shared_info = {
    nombre: domo
    id: 13
}
shared_info = {
    nombre: domo
    id: 14
}
shared_info = {
    nombre: domo
    id: 15
}
shared_info = {
    nombre: domo
    id: 17
}
shared_info = {
    nombre: domo
    id: 48
}
shared_info = {
    nombre: domo
    id: 49
}
shared_info = {
    nombre: domo
    id: 50
}
